r2-testapp-kotlin/r2-testapp/build/intermediates/manifest_merge_blame_file/debug/manifest-merger-blame-debug-report.txt
1<?xml version="1.0" encoding="utf-8"?>
2<manifest xmlns:android="http://schemas.android.com/apk/res/android"
3    package="org.etbn.reader"
4    android:versionCode="2020025"
5    android:versionName="2.2.0-25" >
6
7    <uses-sdk
8        android:minSdkVersion="21"
8-->src\main\AndroidManifest.xml
9        android:targetSdkVersion="30" />
9-->src\main\AndroidManifest.xml
10
11    <uses-permission android:name="android.permission.READ_EXTERNAL_STORAGE" />
11-->src\main\AndroidManifest.xml:6:5-80
11-->src\main\AndroidManifest.xml:6:22-77
12    <uses-permission android:name="android.permission.WRITE_EXTERNAL_STORAGE" />
12-->src\main\AndroidManifest.xml:7:5-81
12-->src\main\AndroidManifest.xml:7:22-78
13    <uses-permission android:name="android.permission.INTERNET" />
13-->src\main\AndroidManifest.xml:8:5-67
13-->src\main\AndroidManifest.xml:8:22-64
14    <uses-permission android:name="android.permission.ACCESS_NETWORK_STATE" />
14-->src\main\AndroidManifest.xml:9:5-79
14-->src\main\AndroidManifest.xml:9:22-76
15    <uses-permission android:name="android.permission.ACCESS_WIFI_STATE" />
15-->src\main\AndroidManifest.xml:10:5-76
15-->src\main\AndroidManifest.xml:10:22-73
16    <uses-permission android:name="android.permission.WRITE_SETTINGS" /> <!-- Used to get the device's name for LSD "register" -->
16-->[:r2-navigator] AndroidManifest.xml:18:5-20:47
16-->[:r2-navigator] AndroidManifest.xml:19:9-57
17    <uses-permission android:name="android.permission.BLUETOOTH" />
17-->[:r2-lcp] AndroidManifest.xml:18:5-68
17-->[:r2-lcp] AndroidManifest.xml:18:22-65
18
19    <application
19-->src\main\AndroidManifest.xml:13:5-243:19
20        android:name="org.readium.r2.testapp.R2App"
20-->src\main\AndroidManifest.xml:14:9-30
21        android:allowBackup="false"
21-->src\main\AndroidManifest.xml:15:9-36
22        android:appComponentFactory="androidx.core.app.CoreComponentFactory"
22-->[androidx.core:core:1.5.0-alpha02] AndroidManifest.xml:24:18-86
23        android:debuggable="true"
24        android:icon="@mipmap/ic_launcher"
24-->src\main\AndroidManifest.xml:16:9-43
25        android:label="@string/app_name"
25-->src\main\AndroidManifest.xml:17:9-41
26        android:supportsRtl="true"
26-->src\main\AndroidManifest.xml:18:9-35
27        android:testOnly="true"
28        android:theme="@style/AppTheme"
28-->src\main\AndroidManifest.xml:19:9-40
29        android:usesCleartextTraffic="true" >
29-->src\main\AndroidManifest.xml:20:9-44
30        <activity
30-->src\main\AndroidManifest.xml:23:9-26:51
31            android:name="org.readium.r2.testapp.RegisteredDevicesActivity"
31-->src\main\AndroidManifest.xml:24:13-54
32            android:exported="true"
32-->src\main\AndroidManifest.xml:25:13-36
33            android:label="@string/regd_devices" />
33-->src\main\AndroidManifest.xml:26:13-49
34        <!-- <activity -->
35        <!-- android:name="" -->
36        <!-- android:configChanges="orientation|keyboardHidden|keyboard|screenSize|locale|layoutDirection|fontScale|screenLayout|density|uiMode" -->
37        <!-- android:hardwareAccelerated="true" -->
38        <!-- android:windowSoftInputMode="adjustResize" -->
39        <!-- /> -->
40        <activity
40-->src\main\AndroidManifest.xml:33:9-43:20
41            android:name="org.readium.r2.testapp.ui.login.LoginActivity"
41-->src\main\AndroidManifest.xml:34:13-51
42            android:label="@string/title_activity_login"
42-->src\main\AndroidManifest.xml:35:13-57
43            android:windowSoftInputMode="adjustPan" >
43-->src\main\AndroidManifest.xml:36:13-52
44            <intent-filter>
44-->src\main\AndroidManifest.xml:37:13-42:29
45                <action android:name="android.intent.action.MAIN" />
45-->src\main\AndroidManifest.xml:38:17-69
45-->src\main\AndroidManifest.xml:38:25-66
46                <action android:name="android.intent.action.VIEW" />
46-->src\main\AndroidManifest.xml:39:17-69
46-->src\main\AndroidManifest.xml:39:25-66
47
48                <category android:name="android.intent.category.LAUNCHER" />
48-->src\main\AndroidManifest.xml:41:17-77
48-->src\main\AndroidManifest.xml:41:27-74
49            </intent-filter>
50        </activity>
51        <activity
51-->src\main\AndroidManifest.xml:44:9-58:20
52            android:name="org.readium.r2.testapp.CatalogActivity"
52-->src\main\AndroidManifest.xml:45:13-44
53            android:clearTaskOnLaunch="true"
53-->src\main\AndroidManifest.xml:46:13-45
54            android:configChanges="orientation|screenSize"
54-->src\main\AndroidManifest.xml:47:13-59
55            android:label="@string/my_library" >
55-->src\main\AndroidManifest.xml:48:13-47
56
57            <!--
58            <intent-filter>
59                  <action android:name="android.intent.action.MAIN" />
60
61                  <category android:name="android.intent.category.DEFAULT" />
62            </intent-filter>
63            -->
64
65        </activity>
66        <activity
66-->src\main\AndroidManifest.xml:59:9-207:20
67            android:name="org.readium.r2.testapp.utils.R2DispatcherActivity"
67-->src\main\AndroidManifest.xml:60:13-55
68            android:launchMode="singleInstance"
68-->src\main\AndroidManifest.xml:61:13-48
69            android:noHistory="true"
69-->src\main\AndroidManifest.xml:62:13-37
70            android:theme="@android:style/Theme.NoDisplay" >
70-->src\main\AndroidManifest.xml:63:13-59
71
72            <!--
73            WARNING: Matching with intent-filters on media types and file extensions is a mess.
74            This is very sensitive, therefore change these settings with care.
75
76            1. Don't mix the SEND and the VIEW actions in one intent-filter. Because SEND won't
77               work if you put a `android:scheme`, but VIEW requires it.
78
79            2. Matching on file extensions for the SEND action doesn't work.
80
81            3. the documentation about `android:pathPattern` (used for matching file
82               extensions) states:
83
84               > These attributes are meaningful only if the scheme and host attributes are also
85               > specified for the filter.
86
87               But this is wrong, since using `android:scheme` on the SEND action will break the
88               matching. Instead of setting `android:scheme`, you need to set `android:mimeType="*/*"`
89               to match file extensions with SEND.
90
91            4. `android:pathPattern` is case sensitive and is not using a true regex (it's just
92                globbing), so we need to match the uppercase versions of file extensions as well.
93            -->
94
95
96            <!-- SEND (Share) action -->
97
98
99            <!-- e.g. Dropbox Export, Gmail Send, Files Share. -->
100            <intent-filter>
100-->src\main\AndroidManifest.xml:93:13-125:29
101                <action android:name="android.intent.action.SEND" />
101-->src\main\AndroidManifest.xml:94:17-69
101-->src\main\AndroidManifest.xml:94:25-66
102
103                <category android:name="android.intent.category.DEFAULT" />
103-->src\main\AndroidManifest.xml:96:17-76
103-->src\main\AndroidManifest.xml:96:27-73
104                <category android:name="android.intent.category.BROWSABLE" />
104-->src\main\AndroidManifest.xml:97:17-78
104-->src\main\AndroidManifest.xml:97:27-75
105
106                <!-- WARNING: Don't set `android:scheme` because it will break the matching. -->
107
108
109                <!-- Audiobook (Readium) -->
110                <data android:mimeType="application/audiobook+zip" />
110-->src\main\AndroidManifest.xml:103:17-70
110-->src\main\AndroidManifest.xml:103:23-67
111                <data android:mimeType="application/audiobook+json" />
111-->src\main\AndroidManifest.xml:103:17-70
111-->src\main\AndroidManifest.xml:103:23-67
112                <!-- CBZ -->
113                <data android:mimeType="application/vnd.comicbook+zip" />
113-->src\main\AndroidManifest.xml:103:17-70
113-->src\main\AndroidManifest.xml:103:23-67
114                <data android:mimeType="application/x-cbz" />
114-->src\main\AndroidManifest.xml:103:17-70
114-->src\main\AndroidManifest.xml:103:23-67
115                <data android:mimeType="application/x-cbr" />
115-->src\main\AndroidManifest.xml:103:17-70
115-->src\main\AndroidManifest.xml:103:23-67
116                <!-- DiViNa -->
117                <data android:mimeType="application/divina+zip" />
117-->src\main\AndroidManifest.xml:103:17-70
117-->src\main\AndroidManifest.xml:103:23-67
118                <data android:mimeType="application/divina+json" />
118-->src\main\AndroidManifest.xml:103:17-70
118-->src\main\AndroidManifest.xml:103:23-67
119                <!-- EPUB -->
120                <data android:mimeType="application/epub+zip" />
120-->src\main\AndroidManifest.xml:103:17-70
120-->src\main\AndroidManifest.xml:103:23-67
121                <!-- LCP -->
122                <data android:mimeType="application/audiobook+lcp" />
122-->src\main\AndroidManifest.xml:103:17-70
122-->src\main\AndroidManifest.xml:103:23-67
123                <data android:mimeType="application/pdf+lcp" />
123-->src\main\AndroidManifest.xml:103:17-70
123-->src\main\AndroidManifest.xml:103:23-67
124                <data android:mimeType="application/vnd.readium.lcp.license.v1.0+json" />
124-->src\main\AndroidManifest.xml:103:17-70
124-->src\main\AndroidManifest.xml:103:23-67
125                <!-- LPF -->
126                <data android:mimeType="application/lpf+zip" />
126-->src\main\AndroidManifest.xml:103:17-70
126-->src\main\AndroidManifest.xml:103:23-67
127                <!-- PDF -->
128                <data android:mimeType="application/pdf" />
128-->src\main\AndroidManifest.xml:103:17-70
128-->src\main\AndroidManifest.xml:103:23-67
129                <!-- WebPub (Readium) -->
130                <data android:mimeType="application/webpub+zip" />
130-->src\main\AndroidManifest.xml:103:17-70
130-->src\main\AndroidManifest.xml:103:23-67
131                <data android:mimeType="application/webpub+json" />
131-->src\main\AndroidManifest.xml:103:17-70
131-->src\main\AndroidManifest.xml:103:23-67
132            </intent-filter>
133
134            <!-- VIEW (Open with) action -->
135
136
137            <!-- Works when an app knows the media type of a file, e.g. Gmail or Chrome. -->
138            <intent-filter>
138-->src\main\AndroidManifest.xml:131:13-166:29
139                <action android:name="android.intent.action.VIEW" />
139-->src\main\AndroidManifest.xml:39:17-69
139-->src\main\AndroidManifest.xml:39:25-66
140
141                <category android:name="android.intent.category.DEFAULT" />
141-->src\main\AndroidManifest.xml:96:17-76
141-->src\main\AndroidManifest.xml:96:27-73
142                <category android:name="android.intent.category.BROWSABLE" />
142-->src\main\AndroidManifest.xml:97:17-78
142-->src\main\AndroidManifest.xml:97:27-75
143
144                <data android:scheme="app" />
144-->src\main\AndroidManifest.xml:103:17-70
144-->src\main\AndroidManifest.xml:137:23-43
145                <data android:scheme="content" />
145-->src\main\AndroidManifest.xml:103:17-70
145-->src\main\AndroidManifest.xml:137:23-43
146                <data android:scheme="file" />
146-->src\main\AndroidManifest.xml:103:17-70
146-->src\main\AndroidManifest.xml:137:23-43
147                <data android:scheme="http" />
147-->src\main\AndroidManifest.xml:103:17-70
147-->src\main\AndroidManifest.xml:137:23-43
148                <data android:scheme="https" />
148-->src\main\AndroidManifest.xml:103:17-70
148-->src\main\AndroidManifest.xml:137:23-43
149
150                <!-- Audiobook (Readium) -->
151                <data android:mimeType="application/audiobook+zip" />
151-->src\main\AndroidManifest.xml:103:17-70
151-->src\main\AndroidManifest.xml:103:23-67
152                <data android:mimeType="application/audiobook+json" />
152-->src\main\AndroidManifest.xml:103:17-70
152-->src\main\AndroidManifest.xml:103:23-67
153                <!-- CBZ -->
154                <data android:mimeType="application/vnd.comicbook+zip" />
154-->src\main\AndroidManifest.xml:103:17-70
154-->src\main\AndroidManifest.xml:103:23-67
155                <data android:mimeType="application/x-cbz" />
155-->src\main\AndroidManifest.xml:103:17-70
155-->src\main\AndroidManifest.xml:103:23-67
156                <data android:mimeType="application/x-cbr" />
156-->src\main\AndroidManifest.xml:103:17-70
156-->src\main\AndroidManifest.xml:103:23-67
157                <!-- DiViNa -->
158                <data android:mimeType="application/divina+zip" />
158-->src\main\AndroidManifest.xml:103:17-70
158-->src\main\AndroidManifest.xml:103:23-67
159                <data android:mimeType="application/divina+json" />
159-->src\main\AndroidManifest.xml:103:17-70
159-->src\main\AndroidManifest.xml:103:23-67
160                <!-- EPUB -->
161                <data android:mimeType="application/epub+zip" />
161-->src\main\AndroidManifest.xml:103:17-70
161-->src\main\AndroidManifest.xml:103:23-67
162                <!-- LCP -->
163                <data android:mimeType="application/audiobook+lcp" />
163-->src\main\AndroidManifest.xml:103:17-70
163-->src\main\AndroidManifest.xml:103:23-67
164                <data android:mimeType="application/pdf+lcp" />
164-->src\main\AndroidManifest.xml:103:17-70
164-->src\main\AndroidManifest.xml:103:23-67
165                <data android:mimeType="application/vnd.readium.lcp.license.v1.0+json" />
165-->src\main\AndroidManifest.xml:103:17-70
165-->src\main\AndroidManifest.xml:103:23-67
166                <!-- LPF -->
167                <data android:mimeType="application/lpf+zip" />
167-->src\main\AndroidManifest.xml:103:17-70
167-->src\main\AndroidManifest.xml:103:23-67
168                <!-- PDF -->
169                <data android:mimeType="application/pdf" />
169-->src\main\AndroidManifest.xml:103:17-70
169-->src\main\AndroidManifest.xml:103:23-67
170                <!-- WebPub (Readium) -->
171                <data android:mimeType="application/webpub+zip" />
171-->src\main\AndroidManifest.xml:103:17-70
171-->src\main\AndroidManifest.xml:103:23-67
172                <data android:mimeType="application/webpub+json" />
172-->src\main\AndroidManifest.xml:103:17-70
172-->src\main\AndroidManifest.xml:103:23-67
173            </intent-filter>
174
175            <!-- Works when an app doesn't know the media type, e.g. Dropbox -->
176            <intent-filter>
176-->src\main\AndroidManifest.xml:169:13-206:29
177                <action android:name="android.intent.action.VIEW" />
177-->src\main\AndroidManifest.xml:39:17-69
177-->src\main\AndroidManifest.xml:39:25-66
178
179                <category android:name="android.intent.category.DEFAULT" />
179-->src\main\AndroidManifest.xml:96:17-76
179-->src\main\AndroidManifest.xml:96:27-73
180                <category android:name="android.intent.category.BROWSABLE" />
180-->src\main\AndroidManifest.xml:97:17-78
180-->src\main\AndroidManifest.xml:97:27-75
181
182                <data android:host="*" />
182-->src\main\AndroidManifest.xml:103:17-70
182-->src\main\AndroidManifest.xml:175:23-39
183                <data android:scheme="app" />
183-->src\main\AndroidManifest.xml:103:17-70
183-->src\main\AndroidManifest.xml:137:23-43
184                <data android:scheme="content" />
184-->src\main\AndroidManifest.xml:103:17-70
184-->src\main\AndroidManifest.xml:137:23-43
185                <data android:scheme="file" />
185-->src\main\AndroidManifest.xml:103:17-70
185-->src\main\AndroidManifest.xml:137:23-43
186                <data android:scheme="http" />
186-->src\main\AndroidManifest.xml:103:17-70
186-->src\main\AndroidManifest.xml:137:23-43
187                <data android:scheme="https" />
187-->src\main\AndroidManifest.xml:103:17-70
187-->src\main\AndroidManifest.xml:137:23-43
188
189                <!-- This media type is necessary, otherwise it won't match on the file extension -->
190                <data android:mimeType="*/*" />
190-->src\main\AndroidManifest.xml:103:17-70
190-->src\main\AndroidManifest.xml:103:23-67
191                <data android:pathPattern=".*\\.audiobook" />
191-->src\main\AndroidManifest.xml:103:17-70
191-->src\main\AndroidManifest.xml:184:23-59
192                <data android:pathPattern=".*\\.AUDIOBOOK" />
192-->src\main\AndroidManifest.xml:103:17-70
192-->src\main\AndroidManifest.xml:184:23-59
193                <data android:pathPattern=".*\\.cbz" />
193-->src\main\AndroidManifest.xml:103:17-70
193-->src\main\AndroidManifest.xml:184:23-59
194                <data android:pathPattern=".*\\.CBZ" />
194-->src\main\AndroidManifest.xml:103:17-70
194-->src\main\AndroidManifest.xml:184:23-59
195                <data android:pathPattern=".*\\.divina" />
195-->src\main\AndroidManifest.xml:103:17-70
195-->src\main\AndroidManifest.xml:184:23-59
196                <data android:pathPattern=".*\\.DIVINA" />
196-->src\main\AndroidManifest.xml:103:17-70
196-->src\main\AndroidManifest.xml:184:23-59
197                <data android:pathPattern=".*\\.epub" />
197-->src\main\AndroidManifest.xml:103:17-70
197-->src\main\AndroidManifest.xml:184:23-59
198                <data android:pathPattern=".*\\.EPUB" />
198-->src\main\AndroidManifest.xml:103:17-70
198-->src\main\AndroidManifest.xml:184:23-59
199                <data android:pathPattern=".*\\.lcpa" />
199-->src\main\AndroidManifest.xml:103:17-70
199-->src\main\AndroidManifest.xml:184:23-59
200                <data android:pathPattern=".*\\.LCPA" />
200-->src\main\AndroidManifest.xml:103:17-70
200-->src\main\AndroidManifest.xml:184:23-59
201                <data android:pathPattern=".*\\.lcpdf" />
201-->src\main\AndroidManifest.xml:103:17-70
201-->src\main\AndroidManifest.xml:184:23-59
202                <data android:pathPattern=".*\\.LCPDF" />
202-->src\main\AndroidManifest.xml:103:17-70
202-->src\main\AndroidManifest.xml:184:23-59
203                <data android:pathPattern=".*\\.lcpl" />
203-->src\main\AndroidManifest.xml:103:17-70
203-->src\main\AndroidManifest.xml:184:23-59
204                <data android:pathPattern=".*\\.LCPL" />
204-->src\main\AndroidManifest.xml:103:17-70
204-->src\main\AndroidManifest.xml:184:23-59
205                <data android:pathPattern=".*\\.lpf" />
205-->src\main\AndroidManifest.xml:103:17-70
205-->src\main\AndroidManifest.xml:184:23-59
206                <data android:pathPattern=".*\\.LPF" />
206-->src\main\AndroidManifest.xml:103:17-70
206-->src\main\AndroidManifest.xml:184:23-59
207                <data android:pathPattern=".*\\.pdf" />
207-->src\main\AndroidManifest.xml:103:17-70
207-->src\main\AndroidManifest.xml:184:23-59
208                <data android:pathPattern=".*\\.PDF" />
208-->src\main\AndroidManifest.xml:103:17-70
208-->src\main\AndroidManifest.xml:184:23-59
209                <data android:pathPattern=".*\\.webpub" />
209-->src\main\AndroidManifest.xml:103:17-70
209-->src\main\AndroidManifest.xml:184:23-59
210                <data android:pathPattern=".*\\.WEBPUB" />
210-->src\main\AndroidManifest.xml:103:17-70
210-->src\main\AndroidManifest.xml:184:23-59
211                <data android:pathPattern=".*\\.zab" />
211-->src\main\AndroidManifest.xml:103:17-70
211-->src\main\AndroidManifest.xml:184:23-59
212                <data android:pathPattern=".*\\.ZAB" />
212-->src\main\AndroidManifest.xml:103:17-70
212-->src\main\AndroidManifest.xml:184:23-59
213            </intent-filter>
214        </activity>
215        <activity
215-->src\main\AndroidManifest.xml:208:9-210:66
216            android:name="org.readium.r2.testapp.opds.OPDSCatalogActivity"
216-->src\main\AndroidManifest.xml:209:13-53
217            android:label="@string/title_activity_opdscatalog" />
217-->src\main\AndroidManifest.xml:210:13-63
218        <activity
218-->src\main\AndroidManifest.xml:211:9-213:63
219            android:name="org.readium.r2.testapp.R2AboutActivity"
219-->src\main\AndroidManifest.xml:212:13-44
220            android:label="@string/title_activity_r2_about" />
220-->src\main\AndroidManifest.xml:213:13-60
221        <activity
221-->src\main\AndroidManifest.xml:214:9-216:61
222            android:name="org.readium.r2.testapp.ui.login.LogoutActivity"
222-->src\main\AndroidManifest.xml:215:13-52
223            android:label="@string/title_activity_logout" />
223-->src\main\AndroidManifest.xml:216:13-58
224        <activity
224-->src\main\AndroidManifest.xml:217:9-219:59
225            android:name="org.readium.r2.testapp.epub.EpubActivity"
225-->src\main\AndroidManifest.xml:218:13-46
226            android:label="@string/title_activity_epub" />
226-->src\main\AndroidManifest.xml:219:13-56
227        <activity android:name="org.readium.r2.testapp.pdf.PdfActivity" />
227-->src\main\AndroidManifest.xml:220:9-53
227-->src\main\AndroidManifest.xml:220:19-50
228        <activity
228-->src\main\AndroidManifest.xml:221:9-223:59
229            android:name="org.readium.r2.testapp.comic.DiViNaActivity"
229-->src\main\AndroidManifest.xml:222:13-49
230            android:label="@string/title_activity_epub" />
230-->src\main\AndroidManifest.xml:223:13-56
231        <activity
231-->src\main\AndroidManifest.xml:224:9-226:59
232            android:name="org.readium.r2.testapp.comic.ComicActivity"
232-->src\main\AndroidManifest.xml:225:13-48
233            android:label="@string/title_activity_epub" />
233-->src\main\AndroidManifest.xml:226:13-56
234        <activity
234-->src\main\AndroidManifest.xml:227:9-230:47
235            android:name="org.readium.r2.testapp.DRMManagementActivity"
235-->src\main\AndroidManifest.xml:228:13-50
236            android:label="DRM Management"
236-->src\main\AndroidManifest.xml:229:13-43
237            android:theme="@style/AppTheme" />
237-->src\main\AndroidManifest.xml:230:13-44
238        <activity
238-->src\main\AndroidManifest.xml:231:9-233:62
239            android:name="org.readium.r2.testapp.outline.R2OutlineActivity"
239-->src\main\AndroidManifest.xml:232:13-54
240            android:label="@string/title_activity_outline" />
240-->src\main\AndroidManifest.xml:233:13-59
241        <activity
241-->src\main\AndroidManifest.xml:234:9-236:64
242            android:name="org.readium.r2.testapp.opds.OPDSListActivity"
242-->src\main\AndroidManifest.xml:235:13-50
243            android:label="@string/title_activity_opds_list" />
243-->src\main\AndroidManifest.xml:236:13-61
244        <activity
244-->src\main\AndroidManifest.xml:237:9-239:66
245            android:name="org.readium.r2.testapp.opds.OPDSDetailActivity"
245-->src\main\AndroidManifest.xml:238:13-52
246            android:label="@string/title_activity_opds_detail" />
246-->src\main\AndroidManifest.xml:239:13-63
247        <activity
247-->src\main\AndroidManifest.xml:240:9-242:59
248            android:name="org.readium.r2.testapp.audiobook.AudiobookActivity"
248-->src\main\AndroidManifest.xml:241:13-56
249            android:label="@string/title_activity_epub" />
249-->src\main\AndroidManifest.xml:242:13-56
250        <activity
250-->[:r2-navigator] AndroidManifest.xml:23:9-25:47
251            android:name="org.readium.r2.navigator.epub.R2EpubActivity"
251-->[:r2-navigator] AndroidManifest.xml:24:13-72
252            android:theme="@style/AppTheme" />
252-->[:r2-navigator] AndroidManifest.xml:25:13-44
253        <activity
253-->[:r2-navigator] AndroidManifest.xml:26:9-28:47
254            android:name="org.readium.r2.navigator.cbz.R2CbzActivity"
254-->[:r2-navigator] AndroidManifest.xml:27:13-70
255            android:theme="@style/AppTheme" />
255-->[:r2-navigator] AndroidManifest.xml:28:13-44
256        <activity
256-->[:r2-navigator] AndroidManifest.xml:29:9-31:47
257            android:name="org.readium.r2.navigator.audiobook.R2AudiobookActivity"
257-->[:r2-navigator] AndroidManifest.xml:30:13-82
258            android:theme="@style/AppTheme" />
258-->[:r2-navigator] AndroidManifest.xml:31:13-44
259        <activity
259-->[:r2-navigator] AndroidManifest.xml:32:9-34:47
260            android:name="org.readium.r2.navigator.divina.R2DiViNaActivity"
260-->[:r2-navigator] AndroidManifest.xml:33:13-76
261            android:theme="@style/AppTheme" />
261-->[:r2-navigator] AndroidManifest.xml:34:13-44
262        <activity
262-->[:r2-navigator] AndroidManifest.xml:35:9-37:47
263            android:name="org.readium.r2.navigator.pdf.R2PdfActivity"
263-->[:r2-navigator] AndroidManifest.xml:36:13-70
264            android:theme="@style/AppTheme" />
264-->[:r2-navigator] AndroidManifest.xml:37:13-44
265    </application>
266
267</manifest>